2025-10-27 12:00:29 [background-preinit] INFO  o.h.validator.internal.util.Version - HV000001: Hibernate Validator 8.0.3.Final
2025-10-27 12:00:29 [restartedMain] INFO  c.u.c.CompuSearchApplication - Starting CompuSearchApplication using Java 21.0.8 with PID 11952 (D:\CompuSearch-olivares-dev\Backend\target\classes started by Usuario in D:\CompuSearch-olivares-dev)
2025-10-27 12:00:29 [restartedMain] DEBUG c.u.c.CompuSearchApplication - Running with Spring Boot v3.5.7, Spring v6.2.12
2025-10-27 12:00:29 [restartedMain] INFO  c.u.c.CompuSearchApplication - No active profile set, falling back to 1 default profile: "default"
2025-10-27 12:00:29 [restartedMain] INFO  o.s.b.d.e.DevToolsPropertyDefaultsPostProcessor - Devtools property defaults active! Set 'spring.devtools.add-properties' to 'false' to disable
2025-10-27 12:00:29 [restartedMain] INFO  o.s.b.d.e.DevToolsPropertyDefaultsPostProcessor - For additional web related logging consider setting the 'logging.level.web' property to 'DEBUG'
2025-10-27 12:00:34 [restartedMain] INFO  o.s.d.r.c.RepositoryConfigurationDelegate - Bootstrapping Spring Data JPA repositories in DEFAULT mode.
2025-10-27 12:00:34 [restartedMain] INFO  o.s.d.r.c.RepositoryConfigurationDelegate - Finished Spring Data repository scanning in 168 ms. Found 11 JPA repository interfaces.
2025-10-27 12:00:36 [restartedMain] INFO  o.s.b.w.e.tomcat.TomcatWebServer - Tomcat initialized with port 8080 (http)
2025-10-27 12:00:36 [restartedMain] INFO  o.a.coyote.http11.Http11NioProtocol - Initializing ProtocolHandler ["http-nio-8080"]
2025-10-27 12:00:36 [restartedMain] INFO  o.a.catalina.core.StandardService - Starting service [Tomcat]
2025-10-27 12:00:36 [restartedMain] INFO  o.a.catalina.core.StandardEngine - Starting Servlet engine: [Apache Tomcat/10.1.48]
2025-10-27 12:00:36 [restartedMain] INFO  o.a.c.c.C.[Tomcat].[localhost].[/] - Initializing Spring embedded WebApplicationContext
2025-10-27 12:00:36 [restartedMain] INFO  o.s.b.w.s.c.ServletWebServerApplicationContext - Root WebApplicationContext: initialization completed in 6953 ms
2025-10-27 12:00:37 [restartedMain] INFO  o.h.jpa.internal.util.LogHelper - HHH000204: Processing PersistenceUnitInfo [name: default]
2025-10-27 12:00:37 [restartedMain] INFO  org.hibernate.Version - HHH000412: Hibernate ORM core version 6.6.33.Final
2025-10-27 12:00:37 [restartedMain] INFO  o.h.c.i.RegionFactoryInitiator - HHH000026: Second-level cache disabled
2025-10-27 12:00:38 [restartedMain] INFO  o.s.o.j.p.SpringPersistenceUnitInfo - No LoadTimeWeaver setup: ignoring JPA class transformer
2025-10-27 12:00:38 [restartedMain] INFO  com.zaxxer.hikari.HikariDataSource - HikariPool-1 - Starting...
2025-10-27 12:00:38 [restartedMain] INFO  com.zaxxer.hikari.pool.HikariPool - HikariPool-1 - Added connection com.mysql.cj.jdbc.ConnectionImpl@6639033f
2025-10-27 12:00:38 [restartedMain] INFO  com.zaxxer.hikari.HikariDataSource - HikariPool-1 - Start completed.
2025-10-27 12:00:38 [restartedMain] WARN  org.hibernate.orm.deprecation - HHH90000025: MySQLDialect does not need to be specified explicitly using 'hibernate.dialect' (remove the property setting and it will be selected by default)
2025-10-27 12:00:38 [restartedMain] INFO  o.hibernate.orm.connections.pooling - HHH10001005: Database info:
	Database JDBC URL [Connecting through datasource 'HikariDataSource (HikariPool-1)']
	Database driver: undefined/unknown
	Database version: 8.0.42
	Autocommit mode: undefined/unknown
	Isolation level: undefined/unknown
	Minimum pool size: undefined/unknown
	Maximum pool size: undefined/unknown
2025-10-27 12:00:40 [restartedMain] INFO  o.h.e.t.j.p.i.JtaPlatformInitiator - HHH000489: No JTA platform available (set 'hibernate.transaction.jta.platform' to enable JTA platform integration)
2025-10-27 12:00:40 [restartedMain] INFO  o.s.o.j.LocalContainerEntityManagerFactoryBean - Initialized JPA EntityManagerFactory for persistence unit 'default'
2025-10-27 12:00:41 [restartedMain] DEBUG c.u.c.jwt.JwtAuthenticationFilter - Filter 'jwtAuthenticationFilter' configured for use
2025-10-27 12:00:41 [restartedMain] INFO  o.s.d.j.r.query.QueryEnhancerFactory - Hibernate is in classpath; If applicable, HQL parser will be used.
2025-10-27 12:00:42 [restartedMain] WARN  o.s.b.a.o.j.JpaBaseConfiguration$JpaWebConfiguration - spring.jpa.open-in-view is enabled by default. Therefore, database queries may be performed during view rendering. Explicitly configure spring.jpa.open-in-view to disable this warning
2025-10-27 12:00:43 [restartedMain] INFO  c.u.compusearch.config.CorsConfig - CORS configurado para origen: http://localhost:5173
2025-10-27 12:00:43 [restartedMain] INFO  o.s.b.a.e.web.EndpointLinksResolver - Exposing 1 endpoint beneath base path '/actuator'
2025-10-27 12:00:43 [restartedMain] INFO  c.u.c.config.SecurityConfig - DaoAuthenticationProvider registrado con UsuarioService y BCryptPasswordEncoder.
2025-10-27 12:00:43 [restartedMain] INFO  o.s.s.c.a.a.c.InitializeAuthenticationProviderBeanManagerConfigurer$InitializeAuthenticationProviderManagerConfigurer - Global AuthenticationManager configured with AuthenticationProvider bean with name authenticationProvider
2025-10-27 12:00:43 [restartedMain] WARN  o.s.s.c.a.a.c.InitializeUserDetailsBeanManagerConfigurer$InitializeUserDetailsManagerConfigurer - Global AuthenticationManager configured with an AuthenticationProvider bean. UserDetailsService beans will not be used by Spring Security for automatically configuring username/password login. Consider removing the AuthenticationProvider bean. Alternatively, consider using the UserDetailsService in a manually instantiated DaoAuthenticationProvider. If the current configuration is intentional, to turn off this warning, increase the logging level of 'org.springframework.security.config.annotation.authentication.configuration.InitializeUserDetailsBeanManagerConfigurer' to ERROR
2025-10-27 12:00:43 [restartedMain] INFO  c.u.c.config.SecurityConfig - Configuración de seguridad cargada correctamente. Filtros y endpoints asegurados.
2025-10-27 12:00:44 [restartedMain] DEBUG o.s.s.web.DefaultSecurityFilterChain - Will secure any request with filters: DisableEncodeUrlFilter, WebAsyncManagerIntegrationFilter, SecurityContextHolderFilter, HeaderWriterFilter, CorsFilter, LogoutFilter, JwtAuthenticationFilter, RequestCacheAwareFilter, SecurityContextHolderAwareRequestFilter, AnonymousAuthenticationFilter, SessionManagementFilter, ExceptionTranslationFilter, AuthorizationFilter
2025-10-27 12:00:44 [restartedMain] INFO  c.u.c.config.SecurityConfig - AuthenticationManager inicializado.
2025-10-27 12:00:44 [restartedMain] INFO  o.s.b.a.h.H2ConsoleAutoConfiguration - H2 console available at '/h2-console'. Database available at 'jdbc:mysql://localhost:3306/compusearch?useSSL=false&serverTimezone=UTC'
2025-10-27 12:00:44 [restartedMain] INFO  o.s.b.d.a.OptionalLiveReloadServer - LiveReload server is running on port 35729
2025-10-27 12:00:44 [restartedMain] INFO  o.a.coyote.http11.Http11NioProtocol - Starting ProtocolHandler ["http-nio-8080"]
2025-10-27 12:00:44 [restartedMain] INFO  o.s.b.w.e.tomcat.TomcatWebServer - Tomcat started on port 8080 (http) with context path '/'
2025-10-27 12:00:44 [restartedMain] INFO  c.u.c.CompuSearchApplication - Started CompuSearchApplication in 16.385 seconds (process running for 17.614)
2025-10-27 12:00:45 [restartedMain] INFO  c.u.c.c.i.EtiquetaInitializer - Etiquetas: 0 nuevas, 10 existentes, total 10
2025-10-27 12:00:45 [restartedMain] INFO  c.u.c.c.i.CategoriaInitializer - Inicialización de categorías completada: 0 nuevas, 8 existentes, total 8
2025-10-27 12:00:45 [restartedMain] INFO  c.u.c.c.i.AtributoInitializer - Atributos: 0 nuevos, 51 existentes, total 51
2025-10-27 12:00:45 [restartedMain] DEBUG c.u.c.c.i.ProductoInitializer - El producto 'Tarjeta Gráfica ASUS TUF Gaming GeForce RTX 4070 12GB GDDR6X' ya existe, se omite creación.
2025-10-27 12:00:45 [restartedMain] DEBUG c.u.c.c.i.ProductoInitializer - El producto 'Placa Madre ASRock B450M-HDV R4.0' ya existe, se omite creación.
2025-10-27 12:00:45 [restartedMain] DEBUG c.u.c.c.i.ProductoInitializer - El producto 'Tarjeta Gráfica MSI GeForce RTX 4080 GAMING X TRIO 16GB' ya existe, se omite creación.
2025-10-27 12:00:45 [restartedMain] DEBUG c.u.c.c.i.ProductoInitializer - El producto 'Tarjeta Gráfica GIGABYTE GeForce RTX 3060 GAMING OC 12G' ya existe, se omite creación.
2025-10-27 12:00:45 [restartedMain] DEBUG c.u.c.c.i.ProductoInitializer - El producto 'Tarjeta Gráfica ASUS Dual GeForce GTX 1650 OC 4GB' ya existe, se omite creación.
2025-10-27 12:00:45 [restartedMain] DEBUG c.u.c.c.i.ProductoInitializer - El producto 'Placa Madre ASUS PRIME B550M-A WIFI II' ya existe, se omite creación.
2025-10-27 12:00:45 [restartedMain] DEBUG c.u.c.c.i.ProductoInitializer - El producto 'Placa Madre MSI B450 TOMAHAWK MAX II' ya existe, se omite creación.
2025-10-27 12:00:45 [restartedMain] DEBUG c.u.c.c.i.ProductoInitializer - El producto 'Procesador AMD Ryzen 7 5800X 8 Núcleos 16 Hilos' ya existe, se omite creación.
2025-10-27 12:00:45 [restartedMain] DEBUG c.u.c.c.i.ProductoInitializer - El producto 'Procesador Intel Core i7-12700K' ya existe, se omite creación.
2025-10-27 12:00:45 [restartedMain] DEBUG c.u.c.c.i.ProductoInitializer - El producto 'Procesador AMD Ryzen 5 5600X' ya existe, se omite creación.
2025-10-27 12:00:45 [restartedMain] DEBUG c.u.c.c.i.ProductoInitializer - El producto 'Procesador Intel Core i5-10400F' ya existe, se omite creación.
2025-10-27 12:00:45 [restartedMain] DEBUG c.u.c.c.i.ProductoInitializer - El producto 'SSD Kingston NV2 1TB NVMe PCIe 4.0' ya existe, se omite creación.
2025-10-27 12:00:45 [restartedMain] DEBUG c.u.c.c.i.ProductoInitializer - El producto 'SSD WD Blue SN570 250GB NVMe PCIe 3.0' ya existe, se omite creación.
2025-10-27 12:00:45 [restartedMain] DEBUG c.u.c.c.i.ProductoInitializer - El producto 'SSD Samsung 980 PRO 2TB NVMe PCIe 4.0' ya existe, se omite creación.
2025-10-27 12:00:45 [restartedMain] DEBUG c.u.c.c.i.ProductoInitializer - El producto 'SSD Crucial P3 500GB NVMe PCIe 3.0' ya existe, se omite creación.
2025-10-27 12:00:45 [restartedMain] DEBUG c.u.c.c.i.ProductoInitializer - El producto 'Fuente de Poder Corsair RM750x 750W 80+ Gold Full Modular' ya existe, se omite creación.
2025-10-27 12:00:45 [restartedMain] DEBUG c.u.c.c.i.ProductoInitializer - El producto 'Fuente de Poder EVGA SuperNOVA 1000 G5 1000W 80+ Gold Full Modular' ya existe, se omite creación.
2025-10-27 12:00:45 [restartedMain] DEBUG c.u.c.c.i.ProductoInitializer - El producto 'Fuente de Poder Cooler Master MWE 650 Bronze V2 650W' ya existe, se omite creación.
2025-10-27 12:00:45 [restartedMain] DEBUG c.u.c.c.i.ProductoInitializer - El producto 'Fuente de Poder EVGA 500 W1 500W 80+ White' ya existe, se omite creación.
2025-10-27 12:00:45 [restartedMain] DEBUG c.u.c.c.i.ProductoInitializer - El producto 'Cooler CPU Cooler Master Hyper 212 Black Edition' ya existe, se omite creación.
2025-10-27 12:00:45 [restartedMain] DEBUG c.u.c.c.i.ProductoInitializer - El producto 'Cooler CPU Cooler Master Hyper T20' ya existe, se omite creación.
2025-10-27 12:00:45 [restartedMain] DEBUG c.u.c.c.i.ProductoInitializer - El producto 'Enfriamiento Líquido NZXT Kraken X63' ya existe, se omite creación.
2025-10-27 12:00:45 [restartedMain] DEBUG c.u.c.c.i.ProductoInitializer - El producto 'Cooler CPU DeepCool GAMMAXX 400 V2' ya existe, se omite creación.
2025-10-27 12:00:45 [restartedMain] DEBUG c.u.c.c.i.ProductoInitializer - El producto 'Memoria RAM Corsair Vengeance RGB Pro 16GB (2x8GB) 3600MHz DDR4' ya existe, se omite creación.
2025-10-27 12:00:45 [restartedMain] DEBUG c.u.c.c.i.ProductoInitializer - El producto 'Memoria RAM G.Skill Ripjaws V 32GB (2x16GB) 3600MHz DDR4' ya existe, se omite creación.
2025-10-27 12:00:45 [restartedMain] DEBUG c.u.c.c.i.ProductoInitializer - El producto 'Memoria RAM ADATA XPG GAMMIX D30 16GB (2x8GB) 3200MHz DDR4' ya existe, se omite creación.
2025-10-27 12:00:45 [restartedMain] DEBUG c.u.c.c.i.ProductoTiendaInitializer - El producto 'Tarjeta Gráfica ASUS TUF Gaming GeForce RTX 4070 12GB GDDR6X' ya está asociado a la tienda 'Computer Shop'
2025-10-27 12:00:45 [restartedMain] DEBUG c.u.c.c.i.ProductoTiendaInitializer - El producto 'Tarjeta Gráfica ASUS TUF Gaming GeForce RTX 4070 12GB GDDR6X' ya está asociado a la tienda 'Impacto'
2025-10-27 12:00:45 [restartedMain] DEBUG c.u.c.c.i.ProductoTiendaInitializer - El producto 'Placa Madre ASRock B450M-HDV R4.0' ya está asociado a la tienda 'Impacto'
2025-10-27 12:00:45 [restartedMain] DEBUG c.u.c.c.i.ProductoTiendaInitializer - El producto 'Tarjeta Gráfica MSI GeForce RTX 4080 GAMING X TRIO 16GB' ya está asociado a la tienda 'Serco Plus'
2025-10-27 12:00:45 [restartedMain] DEBUG c.u.c.c.i.ProductoTiendaInitializer - El producto 'Tarjeta Gráfica GIGABYTE GeForce RTX 3060 GAMING OC 12G' ya está asociado a la tienda 'Computer Shop'
2025-10-27 12:00:45 [restartedMain] DEBUG c.u.c.c.i.ProductoTiendaInitializer - El producto 'Tarjeta Gráfica ASUS Dual GeForce GTX 1650 OC 4GB' ya está asociado a la tienda 'Impacto'
2025-10-27 12:00:45 [restartedMain] DEBUG c.u.c.c.i.ProductoTiendaInitializer - El producto 'Placa Madre ASUS PRIME B550M-A WIFI II' ya está asociado a la tienda 'Serco Plus'
2025-10-27 12:00:45 [restartedMain] DEBUG c.u.c.c.i.ProductoTiendaInitializer - El producto 'Placa Madre MSI B450 TOMAHAWK MAX II' ya está asociado a la tienda 'Computer Shop'
2025-10-27 12:00:45 [restartedMain] DEBUG c.u.c.c.i.ProductoTiendaInitializer - El producto 'Procesador AMD Ryzen 7 5800X 8 Núcleos 16 Hilos' ya está asociado a la tienda 'Impacto'
2025-10-27 12:00:45 [restartedMain] DEBUG c.u.c.c.i.ProductoTiendaInitializer - El producto 'Procesador Intel Core i7-12700K' ya está asociado a la tienda 'Serco Plus'
2025-10-27 12:00:45 [restartedMain] DEBUG c.u.c.c.i.ProductoTiendaInitializer - El producto 'Procesador AMD Ryzen 5 5600X' ya está asociado a la tienda 'Computer Shop'
2025-10-27 12:00:45 [restartedMain] DEBUG c.u.c.c.i.ProductoTiendaInitializer - El producto 'Procesador Intel Core i5-10400F' ya está asociado a la tienda 'Impacto'
2025-10-27 12:00:45 [restartedMain] DEBUG c.u.c.c.i.ProductoTiendaInitializer - El producto 'SSD Kingston NV2 1TB NVMe PCIe 4.0' ya está asociado a la tienda 'Serco Plus'
2025-10-27 12:00:45 [restartedMain] DEBUG c.u.c.c.i.ProductoTiendaInitializer - El producto 'SSD WD Blue SN570 250GB NVMe PCIe 3.0' ya está asociado a la tienda 'Computer Shop'
2025-10-27 12:00:45 [restartedMain] DEBUG c.u.c.c.i.ProductoTiendaInitializer - El producto 'SSD Samsung 980 PRO 2TB NVMe PCIe 4.0' ya está asociado a la tienda 'Impacto'
2025-10-27 12:00:45 [restartedMain] DEBUG c.u.c.c.i.ProductoTiendaInitializer - El producto 'SSD Crucial P3 500GB NVMe PCIe 3.0' ya está asociado a la tienda 'Serco Plus'
2025-10-27 12:00:45 [restartedMain] DEBUG c.u.c.c.i.ProductoTiendaInitializer - El producto 'Fuente de Poder Corsair RM750x 750W 80+ Gold Full Modular' ya está asociado a la tienda 'Computer Shop'
2025-10-27 12:00:45 [restartedMain] DEBUG c.u.c.c.i.ProductoTiendaInitializer - El producto 'Fuente de Poder EVGA SuperNOVA 1000 G5 1000W 80+ Gold Full Modular' ya está asociado a la tienda 'Impacto'
2025-10-27 12:00:45 [restartedMain] DEBUG c.u.c.c.i.ProductoTiendaInitializer - El producto 'Fuente de Poder Cooler Master MWE 650 Bronze V2 650W' ya está asociado a la tienda 'Serco Plus'
2025-10-27 12:00:45 [restartedMain] DEBUG c.u.c.c.i.ProductoTiendaInitializer - El producto 'Fuente de Poder EVGA 500 W1 500W 80+ White' ya está asociado a la tienda 'Computer Shop'
2025-10-27 12:00:45 [restartedMain] DEBUG c.u.c.c.i.ProductoTiendaInitializer - El producto 'Cooler CPU Cooler Master Hyper 212 Black Edition' ya está asociado a la tienda 'Impacto'
2025-10-27 12:00:45 [restartedMain] DEBUG c.u.c.c.i.ProductoTiendaInitializer - El producto 'Cooler CPU Cooler Master Hyper T20' ya está asociado a la tienda 'Serco Plus'
2025-10-27 12:00:45 [restartedMain] DEBUG c.u.c.c.i.ProductoTiendaInitializer - El producto 'Enfriamiento Líquido NZXT Kraken X63' ya está asociado a la tienda 'Computer Shop'
2025-10-27 12:00:45 [restartedMain] DEBUG c.u.c.c.i.ProductoTiendaInitializer - El producto 'Cooler CPU DeepCool GAMMAXX 400 V2' ya está asociado a la tienda 'Impacto'
2025-10-27 12:00:45 [restartedMain] DEBUG c.u.c.c.i.ProductoTiendaInitializer - El producto 'Memoria RAM Corsair Vengeance RGB Pro 16GB (2x8GB) 3600MHz DDR4' ya está asociado a la tienda 'Serco Plus'
2025-10-27 12:00:45 [restartedMain] DEBUG c.u.c.c.i.ProductoTiendaInitializer - El producto 'Memoria RAM G.Skill Ripjaws V 32GB (2x16GB) 3600MHz DDR4' ya está asociado a la tienda 'Computer Shop'
2025-10-27 12:00:45 [restartedMain] DEBUG c.u.c.c.i.ProductoTiendaInitializer - El producto 'Memoria RAM ADATA XPG GAMMIX D30 16GB (2x8GB) 3200MHz DDR4' ya está asociado a la tienda 'Impacto'
2025-10-27 12:01:24 [http-nio-8080-exec-1] INFO  o.a.c.c.C.[Tomcat].[localhost].[/] - Initializing Spring DispatcherServlet 'dispatcherServlet'
2025-10-27 12:01:24 [http-nio-8080-exec-1] INFO  o.s.web.servlet.DispatcherServlet - Initializing Servlet 'dispatcherServlet'
2025-10-27 12:01:24 [http-nio-8080-exec-1] INFO  o.s.web.servlet.DispatcherServlet - Completed initialization in 3 ms
2025-10-27 12:01:24 [http-nio-8080-exec-1] DEBUG o.s.security.web.FilterChainProxy - Securing GET /auth/me
2025-10-27 12:01:24 [http-nio-8080-exec-1] DEBUG c.u.c.jwt.JwtAuthenticationFilter - No se encontró el token en las cookies.
2025-10-27 12:01:24 [http-nio-8080-exec-1] DEBUG o.s.s.w.a.AnonymousAuthenticationFilter - Set SecurityContextHolder to anonymous SecurityContext
2025-10-27 12:01:24 [http-nio-8080-exec-1] DEBUG o.s.s.w.s.SessionManagementFilter - Request requested invalid session id C61B47FFA1E82BE9A2FB135342C610DD
2025-10-27 12:01:24 [http-nio-8080-exec-1] DEBUG o.s.s.w.a.Http403ForbiddenEntryPoint - Pre-authenticated entry point called. Rejecting access
2025-10-27 12:01:24 [http-nio-8080-exec-1] DEBUG o.s.security.web.FilterChainProxy - Securing GET /error
2025-10-27 12:01:24 [http-nio-8080-exec-1] DEBUG o.s.s.w.a.AnonymousAuthenticationFilter - Set SecurityContextHolder to anonymous SecurityContext
2025-10-27 12:01:24 [http-nio-8080-exec-1] DEBUG o.s.s.w.a.Http403ForbiddenEntryPoint - Pre-authenticated entry point called. Rejecting access
2025-10-27 12:01:24 [http-nio-8080-exec-2] DEBUG o.s.security.web.FilterChainProxy - Securing GET /auth/me
2025-10-27 12:01:24 [http-nio-8080-exec-2] DEBUG c.u.c.jwt.JwtAuthenticationFilter - No se encontró el token en las cookies.
2025-10-27 12:01:24 [http-nio-8080-exec-2] DEBUG o.s.s.w.a.AnonymousAuthenticationFilter - Set SecurityContextHolder to anonymous SecurityContext
2025-10-27 12:01:24 [http-nio-8080-exec-2] DEBUG o.s.s.w.s.SessionManagementFilter - Request requested invalid session id C61B47FFA1E82BE9A2FB135342C610DD
2025-10-27 12:01:24 [http-nio-8080-exec-2] DEBUG o.s.s.w.a.Http403ForbiddenEntryPoint - Pre-authenticated entry point called. Rejecting access
2025-10-27 12:01:24 [http-nio-8080-exec-3] DEBUG o.s.security.web.FilterChainProxy - Securing POST /auth/refresh
2025-10-27 12:01:24 [http-nio-8080-exec-3] DEBUG c.u.c.jwt.JwtAuthenticationFilter - No se encontró el token en las cookies.
2025-10-27 12:01:24 [http-nio-8080-exec-2] DEBUG o.s.security.web.FilterChainProxy - Securing GET /error
2025-10-27 12:01:24 [http-nio-8080-exec-3] DEBUG o.s.s.w.a.AnonymousAuthenticationFilter - Set SecurityContextHolder to anonymous SecurityContext
2025-10-27 12:01:24 [http-nio-8080-exec-3] DEBUG o.s.s.w.s.SessionManagementFilter - Request requested invalid session id C61B47FFA1E82BE9A2FB135342C610DD
2025-10-27 12:01:24 [http-nio-8080-exec-2] DEBUG o.s.s.w.a.AnonymousAuthenticationFilter - Set SecurityContextHolder to anonymous SecurityContext
2025-10-27 12:01:24 [http-nio-8080-exec-2] DEBUG o.s.s.w.a.Http403ForbiddenEntryPoint - Pre-authenticated entry point called. Rejecting access
2025-10-27 12:01:24 [http-nio-8080-exec-3] DEBUG o.s.security.web.FilterChainProxy - Secured POST /auth/refresh
2025-10-27 12:01:24 [http-nio-8080-exec-6] DEBUG o.s.security.web.FilterChainProxy - Securing POST /auth/refresh
2025-10-27 12:01:24 [http-nio-8080-exec-6] DEBUG c.u.c.jwt.JwtAuthenticationFilter - No se encontró el token en las cookies.
2025-10-27 12:01:24 [http-nio-8080-exec-6] DEBUG o.s.s.w.a.AnonymousAuthenticationFilter - Set SecurityContextHolder to anonymous SecurityContext
2025-10-27 12:01:24 [http-nio-8080-exec-6] DEBUG o.s.s.w.s.SessionManagementFilter - Request requested invalid session id C61B47FFA1E82BE9A2FB135342C610DD
2025-10-27 12:01:24 [http-nio-8080-exec-6] DEBUG o.s.security.web.FilterChainProxy - Secured POST /auth/refresh
2025-10-27 12:01:24 [http-nio-8080-exec-3] WARN  o.s.w.s.m.m.a.ExceptionHandlerExceptionResolver - Resolved [org.springframework.web.bind.MissingRequestCookieException: Required cookie 'refresh_token' for method parameter type String is not present]
2025-10-27 12:01:24 [http-nio-8080-exec-6] WARN  o.s.w.s.m.m.a.ExceptionHandlerExceptionResolver - Resolved [org.springframework.web.bind.MissingRequestCookieException: Required cookie 'refresh_token' for method parameter type String is not present]
